[debug] [2023-08-09T14:44:42.699Z] ----------------------------------------------------------------------
[debug] [2023-08-09T14:44:42.700Z] Command:       /Users/admin/.nvm/versions/node/v16.10.0/bin/node /opt/homebrew/bin/firebase deploy
[debug] [2023-08-09T14:44:42.700Z] CLI Version:   10.0.1
[debug] [2023-08-09T14:44:42.700Z] Platform:      darwin
[debug] [2023-08-09T14:44:42.700Z] Node Version:  v16.10.0
[debug] [2023-08-09T14:44:42.701Z] Time:          Wed Aug 09 2023 23:44:42 GMT+0900 (日本標準時)
[debug] [2023-08-09T14:44:42.701Z] ----------------------------------------------------------------------
[debug] 
[debug] [2023-08-09T14:44:42.724Z] > command requires scopes: ["email","openid","https://www.googleapis.com/auth/cloudplatformprojects.readonly","https://www.googleapis.com/auth/firebase","https://www.googleapis.com/auth/cloud-platform"]
[debug] [2023-08-09T14:44:42.724Z] > authorizing via signed-in user (retwpay@gmail.com)
[debug] [2023-08-09T14:44:42.724Z] [iam] checking project retwpay-portfolio for permissions ["firebase.projects.get","firebasehosting.sites.update"]
[debug] [2023-08-09T14:44:42.725Z] > refreshing access token with scopes: ["email","https://www.googleapis.com/auth/cloud-platform","https://www.googleapis.com/auth/cloudplatformprojects.readonly","https://www.googleapis.com/auth/firebase","openid"]
[debug] [2023-08-09T14:44:42.725Z] >>> HTTP REQUEST POST https://www.googleapis.com/oauth2/v3/token  
 <request body omitted>
[debug] [2023-08-09T14:44:42.916Z] <<< HTTP RESPONSE 400 {"date":"Wed, 09 Aug 2023 14:44:42 GMT","expires":"Mon, 01 Jan 1990 00:00:00 GMT","pragma":"no-cache","cache-control":"no-cache, no-store, max-age=0, must-revalidate","content-type":"application/json; charset=utf-8","vary":"X-Origin, Referer, Origin,Accept-Encoding","server":"scaffolding on HTTPServer2","x-xss-protection":"0","x-frame-options":"SAMEORIGIN","x-content-type-options":"nosniff","alt-svc":"h3=\":443\"; ma=2592000,h3-29=\":443\"; ma=2592000","accept-ranges":"none","transfer-encoding":"chunked"}
[debug] [2023-08-09T14:44:42.917Z] >>> HTTP REQUEST POST https://cloudresourcemanager.googleapis.com/v1/projects/retwpay-portfolio:testIamPermissions  
 {"permissions":["firebase.projects.get","firebasehosting.sites.update"]}
[debug] [2023-08-09T14:44:43.097Z] <<< HTTP RESPONSE 401 {"www-authenticate":"Bearer realm=\"https://accounts.google.com/\", error=\"invalid_token\"","vary":"X-Origin, Referer, Origin,Accept-Encoding","content-type":"application/json; charset=UTF-8","date":"Wed, 09 Aug 2023 14:44:43 GMT","server":"ESF","cache-control":"private","x-xss-protection":"0","x-frame-options":"SAMEORIGIN","x-content-type-options":"nosniff","server-timing":"gfet4t7; dur=99","alt-svc":"h3=\":443\"; ma=2592000,h3-29=\":443\"; ma=2592000","accept-ranges":"none","transfer-encoding":"chunked"}
[debug] [2023-08-09T14:44:43.097Z] <<< HTTP RESPONSE BODY {"error":{"code":401,"message":"Request had invalid authentication credentials. Expected OAuth 2 access token, login cookie or other valid authentication credential. See https://developers.google.com/identity/sign-in/web/devconsole-project.","status":"UNAUTHENTICATED","details":[{"@type":"type.googleapis.com/google.rpc.ErrorInfo","reason":"ACCESS_TOKEN_TYPE_UNSUPPORTED","metadata":{"service":"cloudresourcemanager.googleapis.com","method":"google.cloudresourcemanager.v1.Projects.TestIamPermissions"}}]}}
[debug] [2023-08-09T14:44:43.099Z] [iam] error while checking permissions, command may fail: FirebaseError: HTTP Error: 401, Request had invalid authentication credentials. Expected OAuth 2 access token, login cookie or other valid authentication credential. See https://developers.google.com/identity/sign-in/web/devconsole-project.
[debug] [2023-08-09T14:44:43.100Z] > refreshing access token with scopes: []
[debug] [2023-08-09T14:44:43.101Z] >>> HTTP REQUEST POST https://www.googleapis.com/oauth2/v3/token  
 <request body omitted>
[debug] [2023-08-09T14:44:43.280Z] <<< HTTP RESPONSE 400 {"cache-control":"no-cache, no-store, max-age=0, must-revalidate","pragma":"no-cache","date":"Wed, 09 Aug 2023 14:44:43 GMT","expires":"Mon, 01 Jan 1990 00:00:00 GMT","content-type":"application/json; charset=utf-8","vary":"X-Origin, Referer, Origin,Accept-Encoding","server":"scaffolding on HTTPServer2","x-xss-protection":"0","x-frame-options":"SAMEORIGIN","x-content-type-options":"nosniff","alt-svc":"h3=\":443\"; ma=2592000,h3-29=\":443\"; ma=2592000","accept-ranges":"none","transfer-encoding":"chunked"}
[debug] [2023-08-09T14:44:43.281Z] >>> [apiv2][query] GET https://firebase.googleapis.com/v1beta1/projects/retwpay-portfolio [none]
[debug] [2023-08-09T14:44:43.441Z] <<< [apiv2][status] GET https://firebase.googleapis.com/v1beta1/projects/retwpay-portfolio 401
[debug] [2023-08-09T14:44:43.441Z] <<< [apiv2][body] GET https://firebase.googleapis.com/v1beta1/projects/retwpay-portfolio {"error":{"code":401,"message":"Request had invalid authentication credentials. Expected OAuth 2 access token, login cookie or other valid authentication credential. See https://developers.google.com/identity/sign-in/web/devconsole-project.","status":"UNAUTHENTICATED"}}
[debug] [2023-08-09T14:44:43.441Z] HTTP Error: 401, Request had invalid authentication credentials. Expected OAuth 2 access token, login cookie or other valid authentication credential. See https://developers.google.com/identity/sign-in/web/devconsole-project.
[debug] [2023-08-09T14:44:43.551Z] FirebaseError: HTTP Error: 401, Request had invalid authentication credentials. Expected OAuth 2 access token, login cookie or other valid authentication credential. See https://developers.google.com/identity/sign-in/web/devconsole-project.
    at module.exports (/opt/homebrew/lib/node_modules/firebase-tools/lib/responseToError.js:38:12)
    at Client.doRequest (/opt/homebrew/lib/node_modules/firebase-tools/lib/apiv2.js:241:23)
    at processTicksAndRejections (node:internal/process/task_queues:96:5)
    at async Client.request (/opt/homebrew/lib/node_modules/firebase-tools/lib/apiv2.js:96:20)
    at async Object.getFirebaseProject (/opt/homebrew/lib/node_modules/firebase-tools/lib/management/projects.js:290:21)
    at async Object.getDefaultHostingSite (/opt/homebrew/lib/node_modules/firebase-tools/lib/getDefaultHostingSite.js:8:21)
    at async requireHostingSite (/opt/homebrew/lib/node_modules/firebase-tools/lib/requireHostingSite.js:9:18)
    at async Object.fn (/opt/homebrew/lib/node_modules/firebase-tools/lib/commands/deploy.js:73:9)
    at async /opt/homebrew/lib/node_modules/firebase-tools/lib/command.js:188:17
[error] 
[error] Error: Failed to get Firebase project retwpay-portfolio. Please make sure the project exists and your account has permission to access it.
